<?xml version="1.0" encoding="UTF-8"?>
<!-- Generated by org.testng.reporters.JUnitReportReporter -->
<testsuite hostname="LTIN145601" failures="0" tests="1" name="TestSuite.AllTest" time="61.919" errors="0" timestamp="2023-04-24T10:07:10 IST" skipped="0">
  <testcase classname="TestSuite.AllTest" name="test" time="61.919"/>
  <system-out/>
</testsuite> <!-- TestSuite.AllTest -->
